
> agent-run-manager-web@1.0.0 dev
> concurrently "npm run server:dev" "npm run start"

[1] 
[1] > agent-run-manager-web@1.0.0 start
[1] > PORT=3005 react-scripts start
[1] 
[0] 
[0] > agent-run-manager-web@1.0.0 server:dev
[0] > cd server && npm run dev
[0] 
[0] 
[0] > agent-run-manager-server@1.0.0 dev
[0] > nodemon index.js
[0] 
[0] [33m[nodemon] 3.1.10[39m
[0] [33m[nodemon] to restart at any time, enter `rs`[39m
[0] [33m[nodemon] watching path(s): *.*[39m
[0] [33m[nodemon] watching extensions: js,mjs,cjs,json[39m
[0] [32m[nodemon] starting `node index.js`[39m
[0] node:events:496
[0]       throw er; // Unhandled 'error' event
[0]       ^
[0] 
[0] Error: listen EADDRINUSE: address already in use :::3004
[0]     at Server.setupListenHandle [as _listen2] (node:net:1937:16)
[0]     at listenInCluster (node:net:1994:12)
[0]     at Server.listen (node:net:2099:7)
[0]     at Function.listen (/tmp/Zeeeepa/codegenApp/server/node_modules/express/lib/application.js:635:24)
[0]     at file:///tmp/Zeeeepa/codegenApp/server/index.js:135:5
[0]     at ModuleJob.run (node:internal/modules/esm/module_job:271:25)
[0]     at async onImport.tracePromise.__proto__ (node:internal/modules/esm/loader:578:26)
[0]     at async asyncRunEntryPointWithESMLoader (node:internal/modules/run_main:116:5)
[0] Emitted 'error' event on Server instance at:
[0]     at emitErrorNT (node:net:1973:8)
[0]     at process.processTicksAndRejections (node:internal/process/task_queues:90:21) {
[0]   code: 'EADDRINUSE',
[0]   errno: -98,
[0]   syscall: 'listen',
[0]   address: '::',
[0]   port: 3004
[0] }
[0] 
[0] Node.js v22.14.0
[0] [31m[nodemon] app crashed - waiting for file changes before starting...[39m
[1] (node:24245) [DEP_WEBPACK_DEV_SERVER_ON_AFTER_SETUP_MIDDLEWARE] DeprecationWarning: 'onAfterSetupMiddleware' option is deprecated. Please use the 'setupMiddlewares' option.
[1] (Use `node --trace-deprecation ...` to show where the warning was created)
[1] (node:24245) [DEP_WEBPACK_DEV_SERVER_ON_BEFORE_SETUP_MIDDLEWARE] DeprecationWarning: 'onBeforeSetupMiddleware' option is deprecated. Please use the 'setupMiddlewares' option.
[1] Starting the development server...
[1] 
[1] Compiled with warnings.
[1] 
[1] [eslint] 
[1] src/components/IntegrationDashboard.tsx
[1]   Line 8:3:   'Pause' is defined but never used                                                                                                                  @typescript-eslint/no-unused-vars
[1]   Line 75:6:  React Hook useEffect has missing dependencies: 'loadSystemStatus' and 'loadWorkflowTemplates'. Either include them or remove the dependency array  react-hooks/exhaustive-deps
[1] 
[1] src/components/ProjectCard.tsx
[1]   Line 8:3:   'AlertCircle' is defined but never used                                                                                       @typescript-eslint/no-unused-vars
[1]   Line 9:3:   'Key' is defined but never used                                                                                               @typescript-eslint/no-unused-vars
[1]   Line 10:3:  'Terminal' is defined but never used                                                                                          @typescript-eslint/no-unused-vars
[1]   Line 11:3:  'FileText' is defined but never used                                                                                          @typescript-eslint/no-unused-vars
[1]   Line 41:6:  React Hook React.useEffect has a missing dependency: 'loadProjectSettings'. Either include it or remove the dependency array  react-hooks/exhaustive-deps
[1] 
[1] src/components/ProjectDashboard.tsx
[1]   Line 2:10:  'Plus' is defined but never used                                                                                 @typescript-eslint/no-unused-vars
[1]   Line 2:24:  'Filter' is defined but never used                                                                               @typescript-eslint/no-unused-vars
[1]   Line 30:6:  React Hook useEffect has a missing dependency: 'loadProjects'. Either include it or remove the dependency array  react-hooks/exhaustive-deps
[1] 
[1] src/components/ProjectDropdown.tsx
[1]   Line 27:6:  React Hook useEffect has a missing dependency: 'loadProjects'. Either include it or remove the dependency array  react-hooks/exhaustive-deps
[1] 
[1] src/components/ProjectSettingsDialog.tsx
[1]   Line 2:48:  'GitBranch' is defined but never used                                                                                                 @typescript-eslint/no-unused-vars
[1]   Line 2:71:  'AlertCircle' is defined but never used                                                                                               @typescript-eslint/no-unused-vars
[1]   Line 55:6:  React Hook useEffect has missing dependencies: 'loadBranches' and 'loadSettings'. Either include them or remove the dependency array  react-hooks/exhaustive-deps
[1] 
[1] src/components/SettingsDialog.tsx
[1]   Line 6:27:  'resetGitHubClient' is defined but never used  @typescript-eslint/no-unused-vars
[1] 
[1] Search for the keywords to learn more about each warning.
[1] To ignore, add // eslint-disable-next-line to the line before.
[1] 
[1] WARNING in [eslint] 
[1] src/components/IntegrationDashboard.tsx
[1]   Line 8:3:   'Pause' is defined but never used                                                                                                                  @typescript-eslint/no-unused-vars
[1]   Line 75:6:  React Hook useEffect has missing dependencies: 'loadSystemStatus' and 'loadWorkflowTemplates'. Either include them or remove the dependency array  react-hooks/exhaustive-deps
[1] 
[1] src/components/ProjectCard.tsx
[1]   Line 8:3:   'AlertCircle' is defined but never used                                                                                       @typescript-eslint/no-unused-vars
[1]   Line 9:3:   'Key' is defined but never used                                                                                               @typescript-eslint/no-unused-vars
[1]   Line 10:3:  'Terminal' is defined but never used                                                                                          @typescript-eslint/no-unused-vars
[1]   Line 11:3:  'FileText' is defined but never used                                                                                          @typescript-eslint/no-unused-vars
[1]   Line 41:6:  React Hook React.useEffect has a missing dependency: 'loadProjectSettings'. Either include it or remove the dependency array  react-hooks/exhaustive-deps
[1] 
[1] src/components/ProjectDashboard.tsx
[1]   Line 2:10:  'Plus' is defined but never used                                                                                 @typescript-eslint/no-unused-vars
[1]   Line 2:24:  'Filter' is defined but never used                                                                               @typescript-eslint/no-unused-vars
[1]   Line 30:6:  React Hook useEffect has a missing dependency: 'loadProjects'. Either include it or remove the dependency array  react-hooks/exhaustive-deps
[1] 
[1] src/components/ProjectDropdown.tsx
[1]   Line 27:6:  React Hook useEffect has a missing dependency: 'loadProjects'. Either include it or remove the dependency array  react-hooks/exhaustive-deps
[1] 
[1] src/components/ProjectSettingsDialog.tsx
[1]   Line 2:48:  'GitBranch' is defined but never used                                                                                                 @typescript-eslint/no-unused-vars
[1]   Line 2:71:  'AlertCircle' is defined but never used                                                                                               @typescript-eslint/no-unused-vars
[1]   Line 55:6:  React Hook useEffect has missing dependencies: 'loadBranches' and 'loadSettings'. Either include them or remove the dependency array  react-hooks/exhaustive-deps
[1] 
[1] src/components/SettingsDialog.tsx
[1]   Line 6:27:  'resetGitHubClient' is defined but never used  @typescript-eslint/no-unused-vars
[1] 
[1] webpack compiled with 1 warning
[1] ERROR in src/components/IntegrationDashboard.tsx:81:54
[1] TS2339: Property 'getAuthToken' does not exist on type 'CodegenAPIClient'.
[1]     79 |       const response = await fetch('/api/v1/integration/status', {
[1]     80 |         headers: {
[1]   > 81 |           'Authorization': `Bearer ${await apiClient.getAuthToken()}`
[1]        |                                                      ^^^^^^^^^^^^
[1]     82 |         }
[1]     83 |       });
[1]     84 |       
[1] 
[1] ERROR in src/components/IntegrationDashboard.tsx:99:54
[1] TS2339: Property 'getAuthToken' does not exist on type 'CodegenAPIClient'.
[1]      97 |       const response = await fetch('/api/v1/integration/workflow-templates', {
[1]      98 |         headers: {
[1]   >  99 |           'Authorization': `Bearer ${await apiClient.getAuthToken()}`
[1]         |                                                      ^^^^^^^^^^^^
[1]     100 |         }
[1]     101 |       });
[1]     102 |       
[1] 
[1] ERROR in src/components/IntegrationDashboard.tsx:120:54
[1] TS2339: Property 'getAuthToken' does not exist on type 'CodegenAPIClient'.
[1]     118 |         method: 'POST',
[1]     119 |         headers: {
[1]   > 120 |           'Authorization': `Bearer ${await apiClient.getAuthToken()}`
[1]         |                                                      ^^^^^^^^^^^^
[1]     121 |         }
[1]     122 |       });
[1]     123 |       
[1] 
