[0;34m[2025-07-26 10:59:31] INFO:[0m Running zero-error test suite...
[0;32m[2025-07-26 10:59:33][0m ✅ Zero-error tests passed
[0;34m[2025-07-26 10:59:33] INFO:[0m Running web evaluation tests...
[0;32m[2025-07-26 10:59:34][0m ✅ Web evaluation tests passed
[0;34m[2025-07-26 10:59:34] INFO:[0m Running detailed UI tests...
[0;32m[2025-07-26 10:59:34][0m ✅ Detailed UI tests passed
[0;31m[2025-07-26 10:59:43] ERROR:[0m Unknown command: deploy
[0;32m[2025-07-26 10:59:51][0m Node.js found: v22.14.0
[0;32m[2025-07-26 10:59:51][0m npm found: 10.9.2
[0;32m[2025-07-26 10:59:51][0m Python found: Python 3.13.5
[0;32m[2025-07-26 10:59:51][0m pip found: pip 25.1.1 from /usr/local/lib/python3.13/site-packages/pip (python 3.13)
[0;32m[2025-07-26 10:59:51][0m All system requirements satisfied!
[0;32m[2025-07-26 10:59:51][0m .env file already exists
[0;34m[2025-07-26 10:59:51] INFO:[0m Installing UI dependencies...
[0;32m[2025-07-26 10:59:56][0m UI dependencies installed successfully
[0;34m[2025-07-26 10:59:56] INFO:[0m Installing server dependencies...
[0;32m[2025-07-26 10:59:57][0m Server dependencies installed successfully
[0;34m[2025-07-26 10:59:57] INFO:[0m Installing backend dependencies...
[1;33m[2025-07-26 11:00:33] WARNING:[0m Some backend dependencies may have failed to install
[0;34m[2025-07-26 11:00:33] INFO:[0m Continuing with deployment...
[0;34m[2025-07-26 11:00:33] INFO:[0m Building React application...
[0;32m[2025-07-26 11:00:49][0m UI build completed successfully
[0;34m[2025-07-26 11:00:49] INFO:[0m Starting Python FastAPI backend on port 8000...
[0;34m[2025-07-26 11:00:49] INFO:[0m Backend started with PID: 16003
[0;34m[2025-07-26 11:00:49] INFO:[0m Waiting for Backend API to be ready at http://localhost:8000/health...
[0;31m[2025-07-26 11:01:50] ERROR:[0m Backend API failed to start within 60 seconds
[1;33m[2025-07-26 11:01:50] WARNING:[0m Backend may not be fully ready, but continuing...
[0;34m[2025-07-26 11:01:50] INFO:[0m Starting Node.js proxy server on port 3001...
[0;34m[2025-07-26 11:01:50] INFO:[0m Server started with PID: 16083
[0;34m[2025-07-26 11:01:50] INFO:[0m Waiting for Proxy Server to be ready at http://localhost:3001...
[0;34m[2025-07-26 11:02:13] INFO:[0m Stopping Server (PID: 16083)...
[1;33m[2025-07-26 11:02:13] WARNING:[0m Killing process on port 3001 (PID: 16103)
[0;34m[2025-07-26 11:02:15] INFO:[0m Stopping Backend (PID: 16003)...
[1;33m[2025-07-26 11:02:15] WARNING:[0m Killing process on port 8000 (PID: 16003)
[0;32m[2025-07-26 11:02:17][0m All services stopped
[0;31m[2025-07-26 11:02:52] ERROR:[0m Proxy Server failed to start within 60 seconds
[1;33m[2025-07-26 11:02:52] WARNING:[0m Server may not be fully ready, but continuing...
