
> codegen-app-automation-backend@1.0.0 start
> node server.js

[32minfo[39m: 🤖 Automation backend server running on port 3500 {"environment":"development","frontendUrl":"http://localhost:8080","port":"3500","service":"automation-backend","timestamp":"2025-06-28 20:33:50.956","version":"1.0.0"}
🤖 Automation backend server running on port 3500
🌐 Frontend URL: http://localhost:8080
🔧 Environment: development
📋 Available endpoints:
   GET  /health
   POST /api/resume-agent-run
   POST /api/test-automation
   GET  /api/auth-script
[32minfo[39m: Health check completed {"environment":"development","service":"automation-backend","services":{"disk":{"lastCheck":null,"status":"unknown"},"memory":{"lastCheck":1751142861876,"status":"healthy","usage":{"heap":{"total":17.57,"used":15.06},"system":{"total":12288,"usage":3.37,"used":414.43}}},"puppeteer":{"lastCheck":1751142861875,"status":"healthy"}},"status":"healthy","timestamp":"2025-06-28 20:34:21.877","version":"1.0.0"}
[32minfo[39m: Health check completed {"environment":"development","service":"automation-backend","services":{"disk":{"lastCheck":null,"status":"unknown"},"memory":{"lastCheck":1751142891996,"status":"healthy","usage":{"heap":{"total":16.82,"used":15.62},"system":{"total":12288,"usage":3.4,"used":417.39}}},"puppeteer":{"lastCheck":1751142891992,"status":"healthy"}},"status":"healthy","timestamp":"2025-06-28 20:34:51.996","version":"1.0.0"}
[32minfo[39m: Incoming request {"environment":"development","ip":"::ffff:127.0.0.1","method":"GET","path":"/health","query":{},"requestId":"w407zo","service":"automation-backend","timestamp":"2025-06-28 20:34:58.858","url":"/health","userAgent":"curl/7.88.1","version":"1.0.0"}
[32minfo[39m: Request completed {"contentLength":"563","contentType":"application/json; charset=utf-8","environment":"development","method":"GET","path":"/health","requestId":"w407zo","responseTime":4,"service":"automation-backend","statusCode":200,"timestamp":"2025-06-28 20:34:58.862","url":"/health","version":"1.0.0"}
[32minfo[39m: Incoming request {"environment":"development","ip":"::ffff:127.0.0.1","method":"GET","path":"/health","query":{},"requestId":"ep3zo2g","service":"automation-backend","timestamp":"2025-06-28 20:35:15.870","url":"/health","userAgent":"curl/7.88.1","version":"1.0.0"}
[32minfo[39m: Request completed {"contentLength":"564","contentType":"application/json; charset=utf-8","environment":"development","method":"GET","path":"/health","requestId":"ep3zo2g","responseTime":3,"service":"automation-backend","statusCode":200,"timestamp":"2025-06-28 20:35:15.873","url":"/health","version":"1.0.0"}
[32minfo[39m: Health check completed {"environment":"development","service":"automation-backend","services":{"disk":{"lastCheck":null,"status":"unknown"},"memory":{"lastCheck":1751142921863,"status":"healthy","usage":{"heap":{"total":17.82,"used":15.53},"system":{"total":12288,"usage":3.52,"used":432.34}}},"puppeteer":{"lastCheck":1751142921860,"status":"healthy"}},"status":"healthy","timestamp":"2025-06-28 20:35:21.863","version":"1.0.0"}
[32minfo[39m: Incoming request {"contentLength":"14","contentType":"application/json","environment":"development","ip":"::ffff:127.0.0.1","method":"POST","path":"/api/resume-agent-run","query":{},"requestId":"mv3ewr","service":"automation-backend","timestamp":"2025-06-28 20:35:24.396","url":"/api/resume-agent-run","userAgent":"curl/7.88.1","version":"1.0.0"}
[32minfo[39m: Automation request received {"authContextKeys":[],"environment":"development","hasAuthContext":false,"promptLength":0,"requestId":"mv3ewr","service":"automation-backend","timestamp":"2025-06-28 20:35:24.397","version":"1.0.0"}
[32minfo[39m: Request completed {"contentLength":"87","contentType":"application/json; charset=utf-8","environment":"development","method":"POST","path":"/api/resume-agent-run","requestId":"mv3ewr","responseTime":1,"service":"automation-backend","statusCode":400,"timestamp":"2025-06-28 20:35:24.397","url":"/api/resume-agent-run","version":"1.0.0"}
[33mwarn[39m: Request error {"environment":"development","method":"POST","requestId":"mv3ewr","responseTime":1,"service":"automation-backend","statusCode":400,"timestamp":"2025-06-28 20:35:24.398","url":"/api/resume-agent-run","version":"1.0.0"}
