{"timestamp":"2025-06-28 20:56:22.691","level":"INFO","service":"automation-backend","message":" Automation backend server running on port 3001","version":"1.0.0","environment":"development","port":3001,"frontendUrl":"http://localhost:8080"}
{"timestamp":"2025-06-28 20:56:31.934","level":"INFO","service":"automation-backend","message":"SIGTERM received, shutting down gracefully","version":"1.0.0","environment":"development"}
{"timestamp":"2025-06-28 20:56:39.853","level":"INFO","service":"automation-backend","message":" Automation backend server running on port 3001","version":"1.0.0","environment":"development","port":3001,"frontendUrl":"http://localhost:8080"}
{"timestamp":"2025-06-28 20:56:42.268","level":"INFO","service":"automation-backend","message":"Incoming request","requestId":"rzdma4","version":"1.0.0","environment":"development","method":"GET","url":"/health","path":"/health","query":{},"ip":"::ffff:127.0.0.1","userAgent":"curl/7.88.1"}
{"timestamp":"2025-06-28 20:56:42.273","level":"INFO","service":"automation-backend","message":"Request completed","requestId":"rzdma4","version":"1.0.0","environment":"development","method":"GET","url":"/health","path":"/health","statusCode":200,"responseTime":5,"contentLength":"444","contentType":"application/json; charset=utf-8"}
{"timestamp":"2025-06-28 20:56:42.296","level":"INFO","service":"automation-backend","message":"SIGTERM received, shutting down gracefully","version":"1.0.0","environment":"development"}
{"timestamp":"2025-06-28 21:08:27.400","level":"INFO","service":"automation-backend","message":" Automation backend server running on port 3001","version":"1.0.0","environment":"development","port":3001,"frontendUrl":"http://localhost:8080"}
{"timestamp":"2025-06-28 21:08:36.775","level":"INFO","service":"automation-backend","message":"SIGTERM received, shutting down gracefully","version":"1.0.0","environment":"development"}
{"timestamp":"2025-06-28 21:08:43.436","level":"INFO","service":"automation-backend","message":" Automation backend server running on port 3001","version":"1.0.0","environment":"development","port":3001,"frontendUrl":"http://localhost:8080"}
{"timestamp":"2025-06-28 21:08:45.877","level":"INFO","service":"automation-backend","message":"Incoming request","requestId":"7qki3d","version":"1.0.0","environment":"development","method":"GET","url":"/api/v1/organizations","path":"/api/v1/organizations","query":{},"ip":"::ffff:127.0.0.1","userAgent":"curl/7.88.1"}
{"timestamp":"2025-06-28 21:08:45.878","level":"INFO","service":"automation-backend","message":"Proxying GET /organizations to https://api.codegen.com/v1/organizations","version":"1.0.0","environment":"development"}
{"timestamp":"2025-06-28 21:08:46.082","level":"INFO","service":"automation-backend","message":"Request completed","requestId":"7qki3d","version":"1.0.0","environment":"development","method":"GET","url":"/organizations","path":"/organizations","statusCode":401,"responseTime":206,"contentLength":"41","contentType":"application/json; charset=utf-8"}
{"timestamp":"2025-06-28 21:08:46.083","level":"WARN","service":"automation-backend","message":"Request error","requestId":"7qki3d","version":"1.0.0","environment":"development","method":"GET","url":"/organizations","statusCode":401,"responseTime":206}
{"timestamp":"2025-06-28 21:08:46.098","level":"INFO","service":"automation-backend","message":"SIGTERM received, shutting down gracefully","version":"1.0.0","environment":"development"}
{"timestamp":"2025-06-28 21:14:53.982","level":"INFO","service":"automation-backend","message":" Automation backend server running on port 3001","version":"1.0.0","environment":"development","port":3001,"frontendUrl":"http://localhost:8080"}
{"timestamp":"2025-06-28 21:14:54.099","level":"INFO","service":"automation-backend","message":"Incoming request","requestId":"skrg9","version":"1.0.0","environment":"development","method":"HEAD","url":"/health","path":"/health","query":{},"ip":"::ffff:127.0.0.1","userAgent":"axios/1.10.0"}
{"timestamp":"2025-06-28 21:14:54.104","level":"INFO","service":"automation-backend","message":"Request completed","requestId":"skrg9","version":"1.0.0","environment":"development","method":"HEAD","url":"/health","path":"/health","statusCode":200,"responseTime":5,"contentLength":"443","contentType":"application/json; charset=utf-8"}
{"timestamp":"2025-06-28 21:15:07.691","level":"INFO","service":"automation-backend","message":"SIGTERM received, shutting down gracefully","version":"1.0.0","environment":"development"}
{"timestamp":"2025-06-28 21:15:16.083","level":"INFO","service":"automation-backend","message":" Automation backend server running on port 3001","version":"1.0.0","environment":"development","port":3001,"frontendUrl":"http://localhost:8080"}
{"timestamp":"2025-06-28 21:15:18.565","level":"INFO","service":"automation-backend","message":"Incoming request","requestId":"4807f8","version":"1.0.0","environment":"development","method":"GET","url":"/api/v1/organizations","path":"/api/v1/organizations","query":{},"ip":"::ffff:127.0.0.1","userAgent":"curl/7.88.1"}
{"timestamp":"2025-06-28 21:15:18.567","level":"INFO","service":"automation-backend","message":"Proxying GET /organizations to https://api.codegen.com/v1/organizations","version":"1.0.0","environment":"development"}
{"timestamp":"2025-06-28 21:15:18.713","level":"INFO","service":"automation-backend","message":"Request completed","requestId":"4807f8","version":"1.0.0","environment":"development","method":"GET","url":"/organizations","path":"/organizations","statusCode":401,"responseTime":148,"contentLength":"41","contentType":"application/json; charset=utf-8"}
{"timestamp":"2025-06-28 21:15:18.714","level":"WARN","service":"automation-backend","message":"Request error","requestId":"4807f8","version":"1.0.0","environment":"development","method":"GET","url":"/organizations","statusCode":401,"responseTime":148}
{"timestamp":"2025-06-28 21:15:18.726","level":"INFO","service":"automation-backend","message":"SIGTERM received, shutting down gracefully","version":"1.0.0","environment":"development"}
{"timestamp":"2025-06-28 21:16:00.891","level":"INFO","service":"automation-backend","message":" Automation backend server running on port 3001","version":"1.0.0","environment":"development","port":3001,"frontendUrl":"http://localhost:8080"}
{"timestamp":"2025-06-28 21:16:03.379","level":"INFO","service":"automation-backend","message":"Incoming request","requestId":"cgna46","version":"1.0.0","environment":"development","method":"GET","url":"/api/v1/organizations","path":"/api/v1/organizations","query":{},"ip":"::ffff:127.0.0.1","userAgent":"curl/7.88.1"}
{"timestamp":"2025-06-28 21:16:03.381","level":"INFO","service":"automation-backend","message":"Proxying GET /organizations to https://api.codegen.com/v1/organizations","version":"1.0.0","environment":"development"}
{"timestamp":"2025-06-28 21:16:03.382","level":"INFO","service":"automation-backend","message":"Request headers being forwarded:","version":"1.0.0","environment":"development","hasAuth":true,"authPreview":"Bearer sk-ce027fa7-3...","headerCount":4}
{"timestamp":"2025-06-28 21:16:03.661","level":"INFO","service":"automation-backend","message":"Request completed","requestId":"cgna46","version":"1.0.0","environment":"development","method":"GET","url":"/organizations","path":"/organizations","statusCode":200,"responseTime":282,"contentLength":"244","contentType":"application/json; charset=utf-8"}
{"timestamp":"2025-06-28 21:16:03.671","level":"INFO","service":"automation-backend","message":"SIGTERM received, shutting down gracefully","version":"1.0.0","environment":"development"}
{"timestamp":"2025-06-28 21:16:23.375","level":"INFO","service":"automation-backend","message":" Automation backend server running on port 3001","version":"1.0.0","environment":"development","port":3001,"frontendUrl":"http://localhost:8080"}
{"timestamp":"2025-06-28 21:16:23.613","level":"INFO","service":"automation-backend","message":"Incoming request","requestId":"g0k9ie","version":"1.0.0","environment":"development","method":"HEAD","url":"/health","path":"/health","query":{},"ip":"::ffff:127.0.0.1","userAgent":"axios/1.10.0"}
{"timestamp":"2025-06-28 21:16:23.618","level":"INFO","service":"automation-backend","message":"Request completed","requestId":"g0k9ie","version":"1.0.0","environment":"development","method":"HEAD","url":"/health","path":"/health","statusCode":200,"responseTime":4,"contentLength":"442","contentType":"application/json; charset=utf-8"}
{"timestamp":"2025-06-28 21:16:42.344","level":"INFO","service":"automation-backend","message":"SIGTERM received, shutting down gracefully","version":"1.0.0","environment":"development"}
