[32minfo[39m: 🤖 Automation backend server running on port 3001 {"environment":"development","frontendUrl":"http://localhost:8080","port":3001,"service":"automation-backend","timestamp":"2025-06-29 17:49:55.254","version":"1.0.0"}
🤖 Automation backend server running on port 3001
🌐 Frontend URL: http://localhost:8080
🔧 Environment: development
📋 Available endpoints:
   GET  /health
   POST /api/resume-agent-run
   POST /api/test-automation
   GET  /api/auth-script
   ALL  /api/v1/* (Codegen API Proxy)
[32minfo[39m: Health check completed {"environment":"development","service":"automation-backend","services":{"disk":{"lastCheck":null,"status":"unknown"},"memory":{"lastCheck":1751219426084,"status":"healthy","usage":{"heap":{"total":17.82,"used":15.05},"system":{"total":12288,"usage":3.26,"used":400.65}}},"puppeteer":{"lastCheck":1751219426083,"status":"healthy"}},"status":"healthy","timestamp":"2025-06-29 17:50:26.085","version":"1.0.0"}
[32minfo[39m: Health check completed {"environment":"development","service":"automation-backend","services":{"disk":{"lastCheck":null,"status":"unknown"},"memory":{"lastCheck":1751219455710,"status":"healthy","usage":{"heap":{"total":17.07,"used":15.52},"system":{"total":12288,"usage":3.27,"used":401.7}}},"puppeteer":{"lastCheck":1751219455709,"status":"healthy"}},"status":"healthy","timestamp":"2025-06-29 17:50:55.711","version":"1.0.0"}
[32minfo[39m: Incoming request {"environment":"development","ip":"::ffff:127.0.0.1","method":"GET","path":"/health","query":{},"requestId":"i21tck","service":"automation-backend","timestamp":"2025-06-29 17:51:01.379","url":"/health","userAgent":"curl/7.88.1","version":"1.0.0"}
[32minfo[39m: Request completed {"contentLength":"561","contentType":"application/json; charset=utf-8","environment":"development","method":"GET","path":"/health","requestId":"i21tck","responseTime":4,"service":"automation-backend","statusCode":200,"timestamp":"2025-06-29 17:51:01.383","url":"/health","version":"1.0.0"}
[32minfo[39m: Incoming request {"contentLength":"498","contentType":"application/json","environment":"development","ip":"::ffff:127.0.0.1","method":"POST","path":"/api/resume-agent-run","query":{},"requestId":"4326tr","service":"automation-backend","timestamp":"2025-06-29 17:51:09.234","url":"/api/resume-agent-run","userAgent":"curl/7.88.1","version":"1.0.0"}
[32minfo[39m: Automation request received {"agentRunId":"45771","authContextKeys":["cookies","localStorage","sessionStorage","origin"],"environment":"development","hasAuthContext":true,"organizationId":"323","promptLength":35,"requestId":"4326tr","service":"automation-backend","timestamp":"2025-06-29 17:51:09.235","version":"1.0.0"}
[32minfo[39m: Resume agent run request received {"agentRunId":"45771","environment":"development","hasAuthContext":true,"organizationId":"323","promptLength":35,"service":"automation-backend","timestamp":"2025-06-29 17:51:09.235","version":"1.0.0"}
[32minfo[39m: Starting agent run resume automation {"agentRunId":"45771","environment":"development","hasAuth":true,"organizationId":"323","promptLength":35,"service":"automation-backend","timestamp":"2025-06-29 17:51:09.236","version":"1.0.0"}
[32minfo[39m: Setting 1 cookies from auth context {"environment":"development","service":"automation-backend","timestamp":"2025-06-29 17:51:09.673","version":"1.0.0"}
[32minfo[39m: Setting 1 cookies {"environment":"development","service":"automation-backend","timestamp":"2025-06-29 17:51:09.673","version":"1.0.0"}
[32minfo[39m: Successfully set 1 cookies for codegen.com {"environment":"development","service":"automation-backend","timestamp":"2025-06-29 17:51:09.675","version":"1.0.0"}
[32minfo[39m: Setting localStorage items {"environment":"development","service":"automation-backend","timestamp":"2025-06-29 17:51:09.676","version":"1.0.0"}
[32minfo[39m: Setting sessionStorage items {"environment":"development","service":"automation-backend","timestamp":"2025-06-29 17:51:09.677","version":"1.0.0"}
[32minfo[39m: Authentication context applied successfully {"environment":"development","service":"automation-backend","timestamp":"2025-06-29 17:51:09.678","version":"1.0.0"}
[32minfo[39m: Navigating to agent run page {"chatUrl":"https://codegen.com/agent/trace/45771","environment":"development","service":"automation-backend","timestamp":"2025-06-29 17:51:09.678","version":"1.0.0"}
[32minfo[39m: Health check completed {"environment":"development","service":"automation-backend","services":{"disk":{"lastCheck":null,"status":"unknown"},"memory":{"lastCheck":1751219485717,"status":"healthy","usage":{"heap":{"total":18.82,"used":16.93},"system":{"total":12288,"usage":7.81,"used":959.66}}},"puppeteer":{"lastCheck":1751219485714,"status":"healthy"}},"status":"healthy","timestamp":"2025-06-29 17:51:25.717","version":"1.0.0"}
Page load wait partially failed: Waiting failed: 15000ms exceeded
[32minfo[39m: Authentication check results {"bodyClasses":"","environment":"development","hasChatInterface":false,"hasError":false,"hasLoginButton":false,"hasUserProfile":false,"isOnTracePage":true,"service":"automation-backend","timestamp":"2025-06-29 17:51:35.302","title":"Codegen | 10x Your Engineering","url":"https://codegen.com/login?redirectTo=/agent/trace/45771","version":"1.0.0"}
[32minfo[39m: Page loaded and authenticated successfully {"environment":"development","service":"automation-backend","timestamp":"2025-06-29 17:51:35.302","version":"1.0.0"}
[32minfo[39m: Looking for chat input element {"environment":"development","service":"automation-backend","timestamp":"2025-06-29 17:51:35.303","version":"1.0.0"}
[31merror[39m: Agent run resume failed {"agentRunId":"45771","duration":41474,"environment":"development","error":"Could not find chat input element","organizationId":"323","service":"automation-backend","stack":"Error: Could not find chat input element\n    at resumeAgentRun (/tmp/Zeeeepa/codegenApp/api/automation-service.js:93:13)\n    at async /tmp/Zeeeepa/codegenApp/api/server.js:144:20","timestamp":"2025-06-29 17:51:50.710","version":"1.0.0"}
[31merror[39m: Agent run resume failed {"agentRunId":"45771","environment":"development","error":"Could not find chat input element","service":"automation-backend","timestamp":"2025-06-29 17:51:51.023","version":"1.0.0"}
[32minfo[39m: Request completed {"contentLength":"122","contentType":"application/json; charset=utf-8","environment":"development","method":"POST","path":"/api/resume-agent-run","requestId":"4326tr","responseTime":41790,"service":"automation-backend","statusCode":500,"timestamp":"2025-06-29 17:51:51.024","url":"/api/resume-agent-run","version":"1.0.0"}
[33mwarn[39m: Slow request detected {"environment":"development","method":"POST","requestId":"4326tr","responseTime":41790,"service":"automation-backend","statusCode":500,"timestamp":"2025-06-29 17:51:51.025","url":"/api/resume-agent-run","version":"1.0.0"}
[31merror[39m: Request error {"environment":"development","method":"POST","requestId":"4326tr","responseTime":41790,"service":"automation-backend","statusCode":500,"timestamp":"2025-06-29 17:51:51.025","url":"/api/resume-agent-run","version":"1.0.0"}
[32minfo[39m: Health check completed {"environment":"development","service":"automation-backend","services":{"disk":{"lastCheck":null,"status":"unknown"},"memory":{"lastCheck":1751219515743,"status":"healthy","usage":{"heap":{"total":19.57,"used":18.43},"system":{"total":12288,"usage":3.3,"used":405.73}}},"puppeteer":{"lastCheck":1751219515742,"status":"healthy"}},"status":"healthy","timestamp":"2025-06-29 17:51:55.743","version":"1.0.0"}
